SUCCESS:  Sent parameter data
SUCCESS:  Sent parameter data
SUCCESS:  Sent parameter data
SUCCESS:  Sent parameter Glasses_Option:1 data
SUCCESS:  Sent parameter Glasses_Option:2 data
SUCCESS:  Sent parameter Glasses_Option:1 data
SUCCESS:  Sent parameter Glasses_Option:1 data
SUCCESS:  Sent parameter Glasses_Option:2 data
SUCCESS:  Sent parameter Glasses_Option:1 data
SUCCESS:  Sent parameter Glasses_Option:1 data
SUCCESS:  Sent parameter Glasses_Option:2 data
SUCCESS:  Sent parameter Glasses_Option:1 data
SUCCESS:  Sent parameter Glasses_Option:1 data
SUCCESS:  Sent parameter Glasses_Option:2 data
SUCCESS:  Sent parameter Glasses_Option:1 data
SUCCESS:  Sent parameter Glasses_Option:1 data
SUCCESS:  Sent parameter Glasses_Option:2 data
SUCCESS:  Sent parameter Glasses_Option:1 data
SUCCESS:  Sent parameter Glasses_Option:1 data
SUCCESS:  Sent parameter Glasses_Option:2 data
SUCCESS:  Sent parameter Glasses_Option:1 data
SUCCESS:  Sent parameter Glasses_Option:1 data
SUCCESS:  Sent parameter Glasses_Option:2 data
SUCCESS:  Sent parameter Glasses_Option:1 data
SUCCESS:  Sent parameter Glasses_Option:1 data
SUCCESS:  Sent parameter Glasses_Option:5 data
SUCCESS:  Sent parameter Glasses_Option:1 data
SUCCESS:  Sent parameter Glasses_Option:1 data
SUCCESS:  Sent parameter Glasses_Option:5 data
SUCCESS:  Sent parameter Glasses_Option:1 data
SUCCESS:  Sent parameter Glasses_Option:1 data
SUCCESS:  Sent parameter Glasses_Option:5 data
SUCCESS:  Sent parameter Glasses_Option:1 data
SUCCESS:  Sent parameter Glasses_Option:6 data
SUCCESS:  Sent parameter Glasses_Option:5 data
SUCCESS:  Sent parameter Glasses_Option:1 data
SUCCESS:  Sent parameter Glasses_Option:6 data
SUCCESS:  Sent parameter Glasses_Option:5 data
SUCCESS:  Sent parameter Glasses_Option:1 data
SUCCESS:  Sent parameter Glasses_Option:4 data
SUCCESS:  Sent parameter Glasses_Option:1 data
SUCCESS:  Sent parameter Glasses_Option:4 data
SUCCESS:  Sent parameter Glasses_Option:1 data
SUCCESS:  Sent parameter Glasses_Option:4 data
SUCCESS:  Sent parameter Glasses_Option:1 data
SUCCESS:  Sent parameter Glasses_Option:4 data
SUCCESS:  Sent parameter Glasses_Option:1 data
SUCCESS:  Sent parameter Glasses_Option:4 data
SUCCESS:  Sent parameter Glasses_Option:1 data
SUCCESS:  Sent parameter Glasses_Option:4 data
SUCCESS:  Sent parameter Glasses_Option:1 data
SUCCESS:  Sent parameter Glasses_Option:4 data
SUCCESS:  Sent parameter Glasses_Option:1 data
SUCCESS:  Sent parameter Glasses_Option:4 data
SUCCESS:  Sent parameter Glasses_Option:1 data
SUCCESS:  Sent parameter Glasses_Option:4 data
SUCCESS:  Sent parameter Glasses_Option:1 data
SUCCESS:  Sent parameter Glasses_Option:4 data
SUCCESS:  Sent parameter Glasses_Option:1 data
SUCCESS:  Sent parameter Glasses_Option:4 data
SUCCESS:  Sent parameter Glasses_Option:1 data
SUCCESS:  Sent parameter Glasses_Option:4 data
SUCCESS:  Sent parameter Glasses_Option:1 data
SUCCESS:  Sent parameter Glasses_Option:4 data
SUCCESS:  Sent parameter Glasses_Option:1 data
SUCCESS:  Sent voice off data
SUCCESS:  Sent voice on data
SUCCESS:  Sent voice off data
SUCCESS:  Sent voice on data
SUCCESS:  Sent voice on data
SUCCESS:  Sent voice on data
SUCCESS:  Sent voice on data
SUCCESS:  Sent voice off data
SUCCESS:  Sent voice off data
SUCCESS:  Sent voice off data
SUCCESS:  Sent voice off data
SUCCESS:  Sent voice off data
SUCCESS:  Sent voice on data
SUCCESS:  Sent voice off data
SUCCESS:  Sent voice on data
SUCCESS:  Sent voice on data
SUCCESS:  Sent voice on data
SUCCESS:  Sent voice on data
SUCCESS:  Sent voice on data
SUCCESS:  Sent voice on data
SUCCESS:  Sent voice on data
SUCCESS:  Sent voice on data
SUCCESS:  Sent voice off data
SUCCESS:  Sent voice off data
SUCCESS:  Sent voice on data
SUCCESS:  Sent move forward data
SUCCESS:  Sent look left data
SUCCESS:  Sent move forward data
SUCCESS:  Sent look left data
SUCCESS:  Sent move forward data
SUCCESS:  Sent jump data
SUCCESS:  Sent voice on data
SUCCESS:  Sent voice off data
SUCCESS:  Sent parameter Clothing_Option:2 data
SUCCESS:  Sent parameter Clothing_Option:1 data
SUCCESS:  Sent parameter Clothing_Option:2 data
SUCCESS:  Sent parameter Clothing_Option:3 data
SUCCESS:  Sent parameter Clothing_Option:4 data
SUCCESS:  Sent parameter Clothing_Option:3 data
SUCCESS:  Sent parameter Clothing_Option:2 data
SUCCESS:  Sent parameter Clothing_Option:1 data
SUCCESS:  Sent parameter Clothing_Option:1 data
SUCCESS:  Sent parameter Clothing_Option:2 data
SUCCESS:  Sent parameter Clothing_Option:3 data
SUCCESS:  Sent parameter Clothing_Option:4 data
SUCCESS:  Sent parameter Clothing_Option:3 data
SUCCESS:  Sent parameter Clothing_Option:2 data
SUCCESS:  Sent parameter Clothing_Option:1 data
SUCCESS:  Sent parameter Clothing_Option:1 data
SUCCESS:  Sent parameter Clothing_Option:2 data
SUCCESS:  Sent parameter Clothing_Option:3 data
SUCCESS:  Sent parameter Clothing_Option:4 data
SUCCESS:  Sent parameter Clothing_Option:3 data
SUCCESS:  Sent parameter Clothing_Option:2 data
SUCCESS:  Sent parameter Clothing_Option:1 data
